Removed Pin From Net: NetName=NetR3_1 Pin=C4-2
Removed Pin From Net: NetName=NetR3_1 Pin=C9-1
Removed Pin From Net: NetName=GND Pin=J2-1
Removed Pin From Net: NetName=GND Pin=T0-1
Removed Pin From Net: NetName=GND Pin=T1-1
Change Component Footprint: Designator=C3 Old Footprint=0805 New Footprint=CR1005-0402
Change Component Footprint: Designator=C4 Old Footprint=0805 New Footprint=CR1005-0402
Change Component Footprint: Designator=C6 Old Footprint=0805 New Footprint=CR1005-0402
Change Component Footprint: Designator=C7 Old Footprint=0805 New Footprint=CR1005-0402
Change Component Footprint: Designator=C9 Old Footprint=0805 New Footprint=CR1005-0402
Change Component Comment : Designator=C9 Old Comment=CAP New Comment=Used in BOM report
Change Component Comment : Designator=C7 Old Comment=CAP New Comment=Used in BOM report
Change Component Comment : Designator=C6 Old Comment=CAP New Comment=Used in BOM report
Change Component Comment : Designator=C4 Old Comment=CAP New Comment=Used in BOM report
Change Component Comment : Designator=C3 Old Comment=CAP New Comment=Used in BOM report
Change Component Comment : Designator=J2 Old Comment=CON5 New Comment=TSW-105-07-G-S
Added Component: Designator=C1(CR1005-0402)
Added Component: Designator=C2(CR1005-0402)
Added Component: Designator=C5(CR1005-0402)
Added Component: Designator=C8(CR1608-0603)
Added Component: Designator=C10(CR1005-0402)
Added Component: Designator=C11(CR1005-0402)
Added Component: Designator=C12(CR1005-0402)
Added Component: Designator=D1(SMB)
Added Component: Designator=D2(SOT23-3)
Added Component: Designator=D3(SMB)
Added Component: Designator=J3(SIP2)
Added Component: Designator=Q1(SOT89)
Added Component: Designator=R1(CR1005-0402)
Added Component: Designator=R2(CR1005-0402)
Added Component: Designator=R3(CR1005-0402)
Added Component: Designator=R4(CR1005-0402)
Added Component: Designator=R5(CR1005-0402)
Added Component: Designator=R7(CR1005-0402)
Added Component: Designator=R8(CR1005-0402)
Added Component: Designator=R9(CR1005-0402)
Added Component: Designator=R10(CR1005-0402)
Added Component: Designator=U1(MSOP8)
Added Component: Designator=U2(TSSOP16)
Added Component: Designator=U3(SOT23-5)
Added Pin To Net: NetName=GND Pin=C1-1
Added Pin To Net: NetName=GND Pin=C2-1
Added Pin To Net: NetName=GND Pin=C3-2
Added Pin To Net: NetName=GND Pin=C4-1
Added Pin To Net: NetName=GND Pin=C5-1
Added Pin To Net: NetName=GND Pin=C9-2
Added Pin To Net: NetName=GND Pin=C10-2
Added Pin To Net: NetName=GND Pin=C11-2
Added Pin To Net: NetName=GND Pin=C12-2
Added Pin To Net: NetName=GND Pin=D1-2
Added Pin To Net: NetName=GND Pin=J2-5
Added Pin To Net: NetName=GND Pin=J3-2
Added Pin To Net: NetName=NetJ2_3 Pin=R1-1
Added Pin To Net: NetName=NetR3_1 Pin=R3-1
Added Pin To Net: NetName=NetC7_2 Pin=R3-2
Added Pin To Net: NetName=NetR3_1 Pin=R4-2
Added Pin To Net: NetName=GND Pin=R7-1
Added Pin To Net: NetName=GND Pin=U1-3
Added Pin To Net: NetName=GND Pin=U2-2
Added Pin To Net: NetName=NetR3_1 Pin=U2-6
Added Pin To Net: NetName=NetC7_2 Pin=U2-7
Added Pin To Net: NetName=GND Pin=U2-11
Added Pin To Net: NetName=GND Pin=U3-2
Added Pin To Net: NetName=GND Pin=U3-5
Added Pin To Net: NetName=NetC1_2 Pin=C1-2
Added Pin To Net: NetName=NetC1_2 Pin=C2-2
Added Pin To Net: NetName=NetC1_2 Pin=C12-1
Added Pin To Net: NetName=NetC1_2 Pin=D1-1
Added Pin To Net: NetName=NetC1_2 Pin=R8-1
Added Pin To Net: NetName=NetC1_2 Pin=R9-2
Added Pin To Net: NetName=NetC1_2 Pin=R10-2
Added Pin To Net: NetName=NetC1_2 Pin=U1-8
Added Pin To Net: NetName=NetC1_2 Pin=U2-3
Added Pin To Net: NetName=NetC1_2 Pin=U2-10
Added Pin To Net: NetName=NetC1_2 Pin=U3-4
Added Net: Name=NetC1_2
Added Pin To Net: NetName=NetC3_1 Pin=C3-1
Added Pin To Net: NetName=NetC3_1 Pin=R2-1
Added Pin To Net: NetName=NetC3_1 Pin=U2-16
Added Net: Name=NetC3_1
Added Pin To Net: NetName=NetC4_2 Pin=C4-2
Added Pin To Net: NetName=NetC4_2 Pin=J2-2
Added Pin To Net: NetName=NetC4_2 Pin=U2-1
Added Net: Name=NetC4_2
Added Pin To Net: NetName=NetC5_2 Pin=C5-2
Added Pin To Net: NetName=NetC5_2 Pin=C6-1
Added Pin To Net: NetName=NetC5_2 Pin=R1-2
Added Pin To Net: NetName=NetC5_2 Pin=U2-4
Added Net: Name=NetC5_2
Added Pin To Net: NetName=NetC6_2 Pin=C6-2
Added Pin To Net: NetName=NetC6_2 Pin=C9-1
Added Pin To Net: NetName=NetC6_2 Pin=U2-5
Added Net: Name=NetC6_2
Added Pin To Net: NetName=NetC7_1 Pin=C7-1
Added Pin To Net: NetName=NetC7_1 Pin=U2-8
Added Net: Name=NetC7_1
Added Pin To Net: NetName=NetC8_1 Pin=C8-1
Added Pin To Net: NetName=NetC8_1 Pin=Q1-2
Added Pin To Net: NetName=NetC8_1 Pin=Q1-2
Added Pin To Net: NetName=NetC8_1 Pin=U1-7
Added Net: Name=NetC8_1
Added Pin To Net: NetName=NetC8_2 Pin=C8-2
Added Pin To Net: NetName=NetC8_2 Pin=U1-4
Added Net: Name=NetC8_2
Added Pin To Net: NetName=NetC10_1 Pin=C10-1
Added Pin To Net: NetName=NetC10_1 Pin=R4-1
Added Pin To Net: NetName=NetC10_1 Pin=R5-2
Added Net: Name=NetC10_1
Added Pin To Net: NetName=NetC11_1 Pin=C11-1
Added Pin To Net: NetName=NetC11_1 Pin=J2-1
Added Pin To Net: NetName=NetC11_1 Pin=U2-15
Added Net: Name=NetC11_1
Added Pin To Net: NetName=NetD2_1 Pin=D2-1
Added Pin To Net: NetName=NetD2_1 Pin=J1-3
Added Net: Name=NetD2_1
Added Pin To Net: NetName=NetD2_3 Pin=D2-3
Added Pin To Net: NetName=NetD2_3 Pin=D3-1
Added Net: Name=NetD2_3
Added Pin To Net: NetName=NetD3_2 Pin=D3-2
Added Pin To Net: NetName=NetD3_2 Pin=J1-2
Added Net: Name=NetD3_2
Added Pin To Net: NetName=NetJ3_1 Pin=J3-1
Added Pin To Net: NetName=NetJ3_1 Pin=U2-12
Added Net: Name=NetJ3_1
Added Pin To Net: NetName=NetQ1_1 Pin=Q1-1
Added Pin To Net: NetName=NetQ1_1 Pin=U1-6
Added Net: Name=NetQ1_1
Added Pin To Net: NetName=NetQ1_3 Pin=Q1-3
Added Pin To Net: NetName=NetQ1_3 Pin=U1-5
Added Net: Name=NetQ1_3
Added Pin To Net: NetName=NetR2_2 Pin=R2-2
Added Pin To Net: NetName=NetR2_2 Pin=R5-1
Added Pin To Net: NetName=NetR2_2 Pin=U1-2
Added Net: Name=NetR2_2
Added Pin To Net: NetName=NetR7_2 Pin=R7-2
Added Pin To Net: NetName=NetR7_2 Pin=R8-2
Added Pin To Net: NetName=NetR7_2 Pin=U2-9
Added Net: Name=NetR7_2
Added Pin To Net: NetName=NetR9_1 Pin=R9-1
Added Pin To Net: NetName=NetR9_1 Pin=U2-13
Added Pin To Net: NetName=NetR9_1 Pin=U3-1
Added Net: Name=NetR9_1
Added Pin To Net: NetName=NetR10_1 Pin=R10-1
Added Pin To Net: NetName=NetR10_1 Pin=U2-14
Added Pin To Net: NetName=NetR10_1 Pin=U3-3
Added Net: Name=NetR10_1
Added Class: Name=4-20mA Transmitter-XTR117
Added Room: Name=4-20mA Transmitter-XTR117
